<?xml version="1.0" encoding="UTF-8" ?>
<testsuite tests="3" failures="0" name="br.ifpb.edu.entities.professor.ProfessorTest" time="0" errors="0" skipped="0">
  <properties>
[...]
</properties>
  <testcase classname="br.ifpb.edu.entities.professor.ProfessorTest" name="setNumHoras" time="0"/>
  <testcase classname="br.ifpb.edu.entities.professor.ProfessorTest" name="getNumHoras" time="0"/>
  <testcase classname="br.ifpb.edu.entities.professor.ProfessorTest" name="getSalárioBase" time="0"/>
</testsuite>